[debug] [2024-09-21T05:54:24.255Z] ----------------------------------------------------------------------
[debug] [2024-09-21T05:54:24.257Z] Command:       /Users/aayushshakya/.nvm/versions/node/v22.8.0/bin/node /Users/aayushshakya/.nvm/versions/node/v22.8.0/bin/firebase init
[debug] [2024-09-21T05:54:24.258Z] CLI Version:   13.18.0
[debug] [2024-09-21T05:54:24.258Z] Platform:      darwin
[debug] [2024-09-21T05:54:24.258Z] Node Version:  v22.8.0
[debug] [2024-09-21T05:54:24.258Z] Time:          Sat Sep 21 2024 11:39:24 GMT+0545 (Nepal Time)
[debug] [2024-09-21T05:54:24.258Z] ----------------------------------------------------------------------
[debug] 
[debug] [2024-09-21T05:54:24.304Z] > command requires scopes: ["email","openid","https://www.googleapis.com/auth/cloudplatformprojects.readonly","https://www.googleapis.com/auth/firebase","https://www.googleapis.com/auth/cloud-platform"]
[debug] [2024-09-21T05:54:24.304Z] > authorizing via signed-in user (aayushakya39@gmail.com)
[info] 
     ######## #### ########  ######## ########     ###     ######  ########
     ##        ##  ##     ## ##       ##     ##  ##   ##  ##       ##
     ######    ##  ########  ######   ########  #########  ######  ######
     ##        ##  ##    ##  ##       ##     ## ##     ##       ## ##
     ##       #### ##     ## ######## ########  ##     ##  ######  ########

You're about to initialize a Firebase project in this directory:

  /Users/aayushshakya/Joefolio

Before we get started, keep in mind:

  * You are initializing within an existing Firebase project directory

[info] 
=== Project Setup
[info] 
[info] First, let's associate this project directory with a Firebase project.
[info] You can create multiple project aliases by running firebase use --add, 
[info] but for now we'll just set up a default project.
[info] 
[debug] [2024-09-21T05:54:29.833Z] Using project from CLI flag: portfolio-eca31
[debug] [2024-09-21T05:54:29.835Z] >>> [apiv2][query] GET https://firebase.googleapis.com/v1beta1/projects/portfolio-eca31 [none]
[debug] [2024-09-21T05:54:30.521Z] <<< [apiv2][status] GET https://firebase.googleapis.com/v1beta1/projects/portfolio-eca31 200
[debug] [2024-09-21T05:54:30.521Z] <<< [apiv2][body] GET https://firebase.googleapis.com/v1beta1/projects/portfolio-eca31 {"projectId":"portfolio-eca31","projectNumber":"1036814938959","displayName":"Portfolio","name":"projects/portfolio-eca31","resources":{"hostingSite":"portfolio-eca31"},"state":"ACTIVE","etag":"1_01f69758-668e-4466-8f91-6711fadf49ed"}
[info] i  Using project portfolio-eca31 (Portfolio) 
[info] 
=== Hosting Setup
[debug] [2024-09-21T05:54:30.535Z] >>> [apiv2][query] GET https://firebase.googleapis.com/v1beta1/projects/portfolio-eca31 [none]
[debug] [2024-09-21T05:54:31.142Z] <<< [apiv2][status] GET https://firebase.googleapis.com/v1beta1/projects/portfolio-eca31 200
[debug] [2024-09-21T05:54:31.142Z] <<< [apiv2][body] GET https://firebase.googleapis.com/v1beta1/projects/portfolio-eca31 {"projectId":"portfolio-eca31","projectNumber":"1036814938959","displayName":"Portfolio","name":"projects/portfolio-eca31","resources":{"hostingSite":"portfolio-eca31"},"state":"ACTIVE","etag":"1_01f69758-668e-4466-8f91-6711fadf49ed"}
[info] 
[info] Your public directory is the folder (relative to your project directory) that
[info] will contain Hosting assets to be uploaded with firebase deploy. If you
[info] have a build process for your assets, use your build's output directory.
[info] 
